<?xml version="1.0" encoding="UTF-8"?>
<!-- Generated by org.testng.reporters.JUnitReportReporter -->
<testsuite hostname="DESKTOP-0JCD2QF" name="com.testcase.logintestcase" tests="1" failures="0" timestamp="7 Mar 2019 02:18:48 GMT" time="8.839" errors="0">
  <testcase name="login" time="8.839" classname="com.testcase.logintestcase"/>
</testsuite> <!-- com.testcase.logintestcase -->
