<?xml version="1.0" encoding="UTF-8"?>
<!-- Generated by org.testng.reporters.JUnitReportReporter -->
<testsuite hostname="DESKTOP-0JCD2QF" name="stu.login" tests="1" failures="0" timestamp="20 Mar 2019 02:52:17 GMT" time="1.126" errors="0">
  <testcase name="Alogin" time="1.126" classname="stu.login"/>
</testsuite> <!-- stu.login -->
