<?xml version="1.0" encoding="UTF-8"?>
<!-- Generated by org.testng.reporters.JUnitReportReporter -->
<testsuite hostname="DESKTOP-0JCD2QF" name="com.testcase.xinzengbanjitestcase" tests="1" failures="0" timestamp="7 Mar 2019 02:18:48 GMT" time="13.923" errors="0">
  <testcase name="xinzengbanji" time="13.923" classname="com.testcase.xinzengbanjitestcase"/>
</testsuite> <!-- com.testcase.xinzengbanjitestcase -->
