<?xml version="1.0" encoding="UTF-8"?>
<!-- Generated by org.testng.reporters.JUnitReportReporter -->
<testsuite hostname="DESKTOP-0JCD2QF" name="com.testcase.xztktestcase" tests="1" failures="0" timestamp="7 Mar 2019 02:18:48 GMT" time="13.608" errors="0">
  <testcase name="xztk" time="13.608" classname="com.testcase.xztktestcase"/>
</testsuite> <!-- com.testcase.xztktestcase -->
