<?xml version="1.0" encoding="UTF-8"?>
<!-- Generated by org.testng.reporters.JUnitReportReporter -->
<testsuite hostname="DESKTOP-0JCD2QF" name="com.testcase.xinzenggonggaotestcase" tests="1" failures="0" timestamp="7 Mar 2019 07:51:35 GMT" time="15.206" errors="0">
  <testcase name="xinzengbanji" time="15.206" classname="com.testcase.xinzenggonggaotestcase"/>
</testsuite> <!-- com.testcase.xinzenggonggaotestcase -->
