<?xml version="1.0" encoding="UTF-8"?>
<!-- Generated by org.testng.reporters.JUnitReportReporter -->
<testsuite hostname="SKY-20171031ESR" name="com.testcase.addtestcase" tests="1" failures="0" timestamp="6 Mar 2019 07:29:06 GMT" time="10.507" errors="0">
  <testcase name="xztk" time="10.507" classname="com.testcase.addtestcase"/>
</testsuite> <!-- com.testcase.addtestcase -->
