<?xml version="1.0" encoding="UTF-8"?>
<!-- Generated by org.testng.reporters.JUnitReportReporter -->
<testsuite hostname="DESKTOP-0JCD2QF" name="com.testcase.logintestcase" tests="1" failures="0" timestamp="14 Mar 2019 06:07:01 GMT" time="9.231" errors="0">
  <testcase name="login" time="9.231" classname="com.testcase.logintestcase"/>
</testsuite> <!-- com.testcase.logintestcase -->
