<?xml version="1.0" encoding="UTF-8"?>
<!-- Generated by org.testng.reporters.JUnitReportReporter -->
<testsuite hostname="DESKTOP-0JCD2QF" name="stu.login" tests="1" failures="0" timestamp="7 Mar 2019 02:22:35 GMT" time="18.951" errors="0">
  <testcase name="Alogin" time="18.951" classname="stu.login"/>
</testsuite> <!-- stu.login -->
